Build started 2013-06-21 20:22:13.
     1>Project "C:\Projects\c++\Video Analysis 2\Video Analysis 2\Video Analysis 2\Video Analysis 2.vcxproj" on node 2 (build target(s)).
     1>InitializeBuildStatus:
         Creating "Debug\Video Analysis 2.unsuccessfulbuild" because "AlwaysCreate" was specified.
       ClCompile:
         c:\Program Files (x86)\Microsoft Visual Studio 10.0\VC\bin\CL.exe /c /IC:\Libs\opencv\build\include /ZI /nologo /W3 /WX- /Od /Oy- /D WIN32 /D _DEBUG /D _CONSOLE /D _UNICODE /D UNICODE /Gm /EHsc /RTC1 /MDd /GS /fp:precise /Zc:wchar_t /Zc:forScope /Fo"Debug\\" /Fd"Debug\vc100.pdb" /Gd /TP /analyze- /errorReport:prompt main.cpp
         main.cpp
     1>c:\projects\c++\video analysis 2\video analysis 2\video analysis 2\main.cpp(48): warning C4996: 'kbhit': The POSIX name for this item is deprecated. Instead, use the ISO C++ conformant name: _kbhit. See online help for details.
                 c:\program files (x86)\microsoft visual studio 10.0\vc\include\conio.h(130) : see declaration of 'kbhit'
     1>c:\projects\c++\video analysis 2\video analysis 2\video analysis 2\main.cpp(49): warning C4996: 'getch': The POSIX name for this item is deprecated. Instead, use the ISO C++ conformant name: _getch. See online help for details.
                 c:\program files (x86)\microsoft visual studio 10.0\vc\include\conio.h(128) : see declaration of 'getch'
       ManifestResourceCompile:
         All outputs are up-to-date.
       Link:
         c:\Program Files (x86)\Microsoft Visual Studio 10.0\VC\bin\link.exe /ERRORREPORT:PROMPT /OUT:"C:\Projects\c++\Video Analysis 2\Video Analysis 2\Debug\Video Analysis 2.exe" /INCREMENTAL /NOLOGO /LIBPATH:C:\Libs\opencv\build\x86\vc9\lib kernel32.lib user32.lib gdi32.lib winspool.lib comdlg32.lib advapi32.lib shell32.lib ole32.lib oleaut32.lib uuid.lib odbc32.lib odbccp32.lib opencv_core245.lib opencv_highgui245.lib opencv_imgproc245.lib kernel32.lib user32.lib gdi32.lib winspool.lib comdlg32.lib advapi32.lib shell32.lib ole32.lib oleaut32.lib uuid.lib odbc32.lib odbccp32.lib /MANIFEST /ManifestFile:"Debug\Video Analysis 2.exe.intermediate.manifest" /MANIFESTUAC:"level='asInvoker' uiAccess='false'" /DEBUG /PDB:"C:\Projects\c++\Video Analysis 2\Video Analysis 2\Debug\Video Analysis 2.pdb" /SUBSYSTEM:CONSOLE /TLBID:1 /DYNAMICBASE /NXCOMPAT /IMPLIB:"C:\Projects\c++\Video Analysis 2\Video Analysis 2\Debug\Video Analysis 2.lib" /MACHINE:X86 "Debug\Video Analysis 2.exe.embed.manifest.res"
         Debug\main.obj
       Manifest:
         C:\Program Files (x86)\Microsoft SDKs\Windows\v7.0A\bin\mt.exe /nologo /verbose /out:"Debug\Video Analysis 2.exe.embed.manifest" /manifest "Debug\Video Analysis 2.exe.intermediate.manifest"
         All outputs are up-to-date.
       LinkEmbedManifest:
         All outputs are up-to-date.
         Video Analysis 2.vcxproj -> C:\Projects\c++\Video Analysis 2\Video Analysis 2\Debug\Video Analysis 2.exe
       FinalizeBuildStatus:
         Deleting file "Debug\Video Analysis 2.unsuccessfulbuild".
         Touching "Debug\Video Analysis 2.lastbuildstate".
     1>Done Building Project "C:\Projects\c++\Video Analysis 2\Video Analysis 2\Video Analysis 2\Video Analysis 2.vcxproj" (build target(s)).

Build succeeded.

Time Elapsed 00:00:01.58
